updating png of ./datavis/verified-transcripts-plusminus-intragenic/libsizenorm/spt6-YW-37C-v-WT-37C/all/5end/netseq-verified-transcripts-plusminus-intragenic-libsizenorm-all_spt6-YW-37C-v-WT-37C_5end-heatmap-bygroup-sense.svg
creating png of ./datavis/verified-transcripts-plusminus-intragenic/libsizenorm/spt6-YW-37C-v-WT-37C/all/5end/netseq-verified-transcripts-plusminus-intragenic-libsizenorm-all_spt6-YW-37C-v-WT-37C_5end-metagene-byanno-sample-sense.svg
updating png of ./datavis/verified-transcripts-plusminus-intragenic/libsizenorm/spt6-YW-37C-v-WT-37C/all/5end/netseq-verified-transcripts-plusminus-intragenic-libsizenorm-all_spt6-YW-37C-v-WT-37C_5end-heatmap-bygroup-antisense.svg
updating png of ./datavis/verified-transcripts-plusminus-intragenic/libsizenorm/spt6-YW-37C-v-WT-37C/all/5end/netseq-verified-transcripts-plusminus-intragenic-libsizenorm-all_spt6-YW-37C-v-WT-37C_5end-heatmap-bygroup-bothstrands.svg
updating png of ./datavis/verified-transcripts-plusminus-intragenic/libsizenorm/spt6-YW-37C-v-WT-37C/all/5end/netseq-verified-transcripts-plusminus-intragenic-libsizenorm-all_spt6-YW-37C-v-WT-37C_5end-heatmap-bysample-bothstrands.svg
creating png of ./datavis/verified-transcripts-plusminus-intragenic/libsizenorm/spt6-YW-37C-v-WT-37C/all/5end/netseq-verified-transcripts-plusminus-intragenic-libsizenorm-all_spt6-YW-37C-v-WT-37C_5end-metagene-byanno-group-sense.svg
creating png of ./datavis/verified-transcripts-plusminus-intragenic/libsizenorm/spt6-YW-37C-v-WT-37C/all/5end/netseq-verified-transcripts-plusminus-intragenic-libsizenorm-all_spt6-YW-37C-v-WT-37C_5end-metagene-byanno-sample-bothstrands.svg
updating png of ./datavis/verified-transcripts-plusminus-intragenic/libsizenorm/spt6-YW-37C-v-WT-37C/all/5end/netseq-verified-transcripts-plusminus-intragenic-libsizenorm-all_spt6-YW-37C-v-WT-37C_5end-metagene-bysample-bothstrands.svg
updating png of ./datavis/verified-transcripts-plusminus-intragenic/libsizenorm/spt6-YW-37C-v-WT-37C/all/5end/netseq-verified-transcripts-plusminus-intragenic-libsizenorm-all_spt6-YW-37C-v-WT-37C_5end-metagene-bygroup-sense.svg
updating png of ./datavis/verified-transcripts-plusminus-intragenic/libsizenorm/spt6-YW-37C-v-WT-37C/all/5end/netseq-verified-transcripts-plusminus-intragenic-libsizenorm-all_spt6-YW-37C-v-WT-37C_5end-metagene-bygroup-bothstrands.svg
updating png of ./datavis/verified-transcripts-plusminus-intragenic/libsizenorm/spt6-YW-37C-v-WT-37C/all/5end/netseq-verified-transcripts-plusminus-intragenic-libsizenorm-all_spt6-YW-37C-v-WT-37C_5end-metagene-bygroup-antisense.svg
updating png of ./datavis/verified-transcripts-plusminus-intragenic/libsizenorm/spt6-YW-37C-v-WT-37C/all/5end/netseq-verified-transcripts-plusminus-intragenic-libsizenorm-all_spt6-YW-37C-v-WT-37C_5end-metagene-bysample-antisense.svg
creating png of ./datavis/verified-transcripts-plusminus-intragenic/libsizenorm/spt6-YW-37C-v-WT-37C/all/5end/netseq-verified-transcripts-plusminus-intragenic-libsizenorm-all_spt6-YW-37C-v-WT-37C_5end-metagene-byanno-group-bothstrands.svg
updating png of ./datavis/verified-transcripts-plusminus-intragenic/libsizenorm/spt6-YW-37C-v-WT-37C/all/5end/netseq-verified-transcripts-plusminus-intragenic-libsizenorm-all_spt6-YW-37C-v-WT-37C_5end-metagene-byclustersample-sense.svg
updating png of ./datavis/verified-transcripts-plusminus-intragenic/libsizenorm/spt6-YW-37C-v-WT-37C/all/5end/netseq-verified-transcripts-plusminus-intragenic-libsizenorm-all_spt6-YW-37C-v-WT-37C_5end-metagene-sampleoverlay-bothstrands.svg
updating png of ./datavis/verified-transcripts-plusminus-intragenic/libsizenorm/spt6-YW-37C-v-WT-37C/all/5end/netseq-verified-transcripts-plusminus-intragenic-libsizenorm-all_spt6-YW-37C-v-WT-37C_5end-metagene-byclustergroup-antisense.svg
updating png of ./datavis/verified-transcripts-plusminus-intragenic/libsizenorm/spt6-YW-37C-v-WT-37C/all/5end/netseq-verified-transcripts-plusminus-intragenic-libsizenorm-all_spt6-YW-37C-v-WT-37C_5end-metagene-bysample-sense.svg
updating png of ./datavis/verified-transcripts-plusminus-intragenic/libsizenorm/spt6-YW-37C-v-WT-37C/all/5end/netseq-verified-transcripts-plusminus-intragenic-libsizenorm-all_spt6-YW-37C-v-WT-37C_5end-metagene-byclustergroup-bothstrands.svg
creating png of ./datavis/verified-transcripts-plusminus-intragenic/libsizenorm/spt6-YW-37C-v-WT-37C/all/5end/netseq-verified-transcripts-plusminus-intragenic-libsizenorm-all_spt6-YW-37C-v-WT-37C_5end-metagene-byanno-group-antisense.svg
updating png of ./datavis/verified-transcripts-plusminus-intragenic/libsizenorm/spt6-YW-37C-v-WT-37C/all/5end/netseq-verified-transcripts-plusminus-intragenic-libsizenorm-all_spt6-YW-37C-v-WT-37C_5end-heatmap-bysample-antisense.svg
updating png of ./datavis/verified-transcripts-plusminus-intragenic/libsizenorm/spt6-YW-37C-v-WT-37C/all/5end/netseq-verified-transcripts-plusminus-intragenic-libsizenorm-all_spt6-YW-37C-v-WT-37C_5end-metagene-sampleoverlay-sense.svg
updating png of ./datavis/verified-transcripts-plusminus-intragenic/libsizenorm/spt6-YW-37C-v-WT-37C/all/5end/netseq-verified-transcripts-plusminus-intragenic-libsizenorm-all_spt6-YW-37C-v-WT-37C_5end-metagene-byclustergroup-sense.svg
updating png of ./datavis/verified-transcripts-plusminus-intragenic/libsizenorm/spt6-YW-37C-v-WT-37C/all/5end/netseq-verified-transcripts-plusminus-intragenic-libsizenorm-all_spt6-YW-37C-v-WT-37C_5end-heatmap-bysample-sense.svg
updating png of ./datavis/verified-transcripts-plusminus-intragenic/libsizenorm/spt6-YW-37C-v-WT-37C/all/5end/netseq-verified-transcripts-plusminus-intragenic-libsizenorm-all_spt6-YW-37C-v-WT-37C_5end-metagene-sampleoverlay-antisense.svg
updating png of ./datavis/verified-transcripts-plusminus-intragenic/libsizenorm/spt6-YW-37C-v-WT-37C/all/5end/netseq-verified-transcripts-plusminus-intragenic-libsizenorm-all_spt6-YW-37C-v-WT-37C_5end-metagene-byclustersample-bothstrands.svg
creating png of ./datavis/verified-transcripts-plusminus-intragenic/libsizenorm/spt6-YW-37C-v-WT-37C/all/5end/netseq-verified-transcripts-plusminus-intragenic-libsizenorm-all_spt6-YW-37C-v-WT-37C_5end-metagene-byanno-sample-antisense.svg
updating png of ./datavis/verified-transcripts-plusminus-intragenic/libsizenorm/spt6-YW-37C-v-WT-37C/all/5end/netseq-verified-transcripts-plusminus-intragenic-libsizenorm-all_spt6-YW-37C-v-WT-37C_5end-metagene-byclustersample-antisense.svg
creating png of ./datavis/verified-transcripts-plusminus-intragenic/libsizenorm/all-v-all/passing/5end/netseq-verified-transcripts-plusminus-intragenic-libsizenorm-passing_all-v-all_5end-metagene-byanno-sample-bothstrands.svg
updating png of ./datavis/verified-transcripts-plusminus-intragenic/libsizenorm/all-v-all/passing/5end/netseq-verified-transcripts-plusminus-intragenic-libsizenorm-passing_all-v-all_5end-metagene-bygroup-sense.svg
updating png of ./datavis/verified-transcripts-plusminus-intragenic/libsizenorm/all-v-all/passing/5end/netseq-verified-transcripts-plusminus-intragenic-libsizenorm-passing_all-v-all_5end-metagene-byclustergroup-antisense.svg
updating png of ./datavis/verified-transcripts-plusminus-intragenic/libsizenorm/all-v-all/passing/5end/netseq-verified-transcripts-plusminus-intragenic-libsizenorm-passing_all-v-all_5end-metagene-byclustersample-sense.svg
updating png of ./datavis/verified-transcripts-plusminus-intragenic/libsizenorm/all-v-all/passing/5end/netseq-verified-transcripts-plusminus-intragenic-libsizenorm-passing_all-v-all_5end-heatmap-bygroup-bothstrands.svg
updating png of ./datavis/verified-transcripts-plusminus-intragenic/libsizenorm/all-v-all/passing/5end/netseq-verified-transcripts-plusminus-intragenic-libsizenorm-passing_all-v-all_5end-heatmap-bysample-antisense.svg
creating png of ./datavis/verified-transcripts-plusminus-intragenic/libsizenorm/all-v-all/passing/5end/netseq-verified-transcripts-plusminus-intragenic-libsizenorm-passing_all-v-all_5end-metagene-byanno-group-sense.svg
updating png of ./datavis/verified-transcripts-plusminus-intragenic/libsizenorm/all-v-all/passing/5end/netseq-verified-transcripts-plusminus-intragenic-libsizenorm-passing_all-v-all_5end-metagene-bysample-sense.svg
updating png of ./datavis/verified-transcripts-plusminus-intragenic/libsizenorm/all-v-all/passing/5end/netseq-verified-transcripts-plusminus-intragenic-libsizenorm-passing_all-v-all_5end-metagene-sampleoverlay-bothstrands.svg
updating png of ./datavis/verified-transcripts-plusminus-intragenic/libsizenorm/all-v-all/passing/5end/netseq-verified-transcripts-plusminus-intragenic-libsizenorm-passing_all-v-all_5end-metagene-sampleoverlay-antisense.svg
updating png of ./datavis/verified-transcripts-plusminus-intragenic/libsizenorm/all-v-all/passing/5end/netseq-verified-transcripts-plusminus-intragenic-libsizenorm-passing_all-v-all_5end-metagene-bysample-antisense.svg
creating png of ./datavis/verified-transcripts-plusminus-intragenic/libsizenorm/all-v-all/passing/5end/netseq-verified-transcripts-plusminus-intragenic-libsizenorm-passing_all-v-all_5end-metagene-byanno-group-antisense.svg
creating png of ./datavis/verified-transcripts-plusminus-intragenic/libsizenorm/all-v-all/passing/5end/netseq-verified-transcripts-plusminus-intragenic-libsizenorm-passing_all-v-all_5end-metagene-byanno-sample-antisense.svg
updating png of ./datavis/verified-transcripts-plusminus-intragenic/libsizenorm/all-v-all/passing/5end/netseq-verified-transcripts-plusminus-intragenic-libsizenorm-passing_all-v-all_5end-metagene-byclustersample-bothstrands.svg
updating png of ./datavis/verified-transcripts-plusminus-intragenic/libsizenorm/all-v-all/passing/5end/netseq-verified-transcripts-plusminus-intragenic-libsizenorm-passing_all-v-all_5end-metagene-byclustersample-antisense.svg
updating png of ./datavis/verified-transcripts-plusminus-intragenic/libsizenorm/all-v-all/passing/5end/netseq-verified-transcripts-plusminus-intragenic-libsizenorm-passing_all-v-all_5end-metagene-bygroup-antisense.svg
creating png of ./datavis/verified-transcripts-plusminus-intragenic/libsizenorm/all-v-all/passing/5end/netseq-verified-transcripts-plusminus-intragenic-libsizenorm-passing_all-v-all_5end-metagene-byanno-sample-sense.svg
updating png of ./datavis/verified-transcripts-plusminus-intragenic/libsizenorm/all-v-all/passing/5end/netseq-verified-transcripts-plusminus-intragenic-libsizenorm-passing_all-v-all_5end-heatmap-bygroup-antisense.svg
updating png of ./datavis/verified-transcripts-plusminus-intragenic/libsizenorm/all-v-all/passing/5end/netseq-verified-transcripts-plusminus-intragenic-libsizenorm-passing_all-v-all_5end-metagene-byclustergroup-sense.svg
creating png of ./datavis/verified-transcripts-plusminus-intragenic/libsizenorm/all-v-all/passing/5end/netseq-verified-transcripts-plusminus-intragenic-libsizenorm-passing_all-v-all_5end-metagene-byanno-group-bothstrands.svg
updating png of ./datavis/verified-transcripts-plusminus-intragenic/libsizenorm/all-v-all/passing/5end/netseq-verified-transcripts-plusminus-intragenic-libsizenorm-passing_all-v-all_5end-metagene-byclustergroup-bothstrands.svg
updating png of ./datavis/verified-transcripts-plusminus-intragenic/libsizenorm/all-v-all/passing/5end/netseq-verified-transcripts-plusminus-intragenic-libsizenorm-passing_all-v-all_5end-metagene-sampleoverlay-sense.svg
updating png of ./datavis/verified-transcripts-plusminus-intragenic/libsizenorm/all-v-all/passing/5end/netseq-verified-transcripts-plusminus-intragenic-libsizenorm-passing_all-v-all_5end-metagene-bysample-bothstrands.svg
updating png of ./datavis/verified-transcripts-plusminus-intragenic/libsizenorm/all-v-all/passing/5end/netseq-verified-transcripts-plusminus-intragenic-libsizenorm-passing_all-v-all_5end-heatmap-bysample-sense.svg
updating png of ./datavis/verified-transcripts-plusminus-intragenic/libsizenorm/all-v-all/passing/5end/netseq-verified-transcripts-plusminus-intragenic-libsizenorm-passing_all-v-all_5end-heatmap-bygroup-sense.svg
updating png of ./datavis/verified-transcripts-plusminus-intragenic/libsizenorm/all-v-all/passing/5end/netseq-verified-transcripts-plusminus-intragenic-libsizenorm-passing_all-v-all_5end-heatmap-bysample-bothstrands.svg
updating png of ./datavis/verified-transcripts-plusminus-intragenic/libsizenorm/all-v-all/passing/5end/netseq-verified-transcripts-plusminus-intragenic-libsizenorm-passing_all-v-all_5end-metagene-bygroup-bothstrands.svg
updating png of ./datavis/verified-transcripts-plusminus-intragenic/libsizenorm/all-v-all/passing/wholeread/netseq-verified-transcripts-plusminus-intragenic-libsizenorm-passing_all-v-all_wholeread-heatmap-bygroup-sense.svg
updating png of ./datavis/verified-transcripts-plusminus-intragenic/libsizenorm/all-v-all/passing/wholeread/netseq-verified-transcripts-plusminus-intragenic-libsizenorm-passing_all-v-all_wholeread-metagene-bygroup-sense.svg
updating png of ./datavis/verified-transcripts-plusminus-intragenic/libsizenorm/all-v-all/passing/wholeread/netseq-verified-transcripts-plusminus-intragenic-libsizenorm-passing_all-v-all_wholeread-metagene-sampleoverlay-antisense.svg
creating png of ./datavis/verified-transcripts-plusminus-intragenic/libsizenorm/all-v-all/passing/wholeread/netseq-verified-transcripts-plusminus-intragenic-libsizenorm-passing_all-v-all_wholeread-metagene-byanno-group-bothstrands.svg
updating png of ./datavis/verified-transcripts-plusminus-intragenic/libsizenorm/all-v-all/passing/wholeread/netseq-verified-transcripts-plusminus-intragenic-libsizenorm-passing_all-v-all_wholeread-metagene-bysample-bothstrands.svg
updating png of ./datavis/verified-transcripts-plusminus-intragenic/libsizenorm/all-v-all/passing/wholeread/netseq-verified-transcripts-plusminus-intragenic-libsizenorm-passing_all-v-all_wholeread-heatmap-bygroup-bothstrands.svg
creating png of ./datavis/verified-transcripts-plusminus-intragenic/libsizenorm/all-v-all/passing/wholeread/netseq-verified-transcripts-plusminus-intragenic-libsizenorm-passing_all-v-all_wholeread-metagene-byanno-group-sense.svg
updating png of ./datavis/verified-transcripts-plusminus-intragenic/libsizenorm/all-v-all/passing/wholeread/netseq-verified-transcripts-plusminus-intragenic-libsizenorm-passing_all-v-all_wholeread-metagene-bysample-antisense.svg
creating png of ./datavis/verified-transcripts-plusminus-intragenic/libsizenorm/all-v-all/passing/wholeread/netseq-verified-transcripts-plusminus-intragenic-libsizenorm-passing_all-v-all_wholeread-metagene-byanno-group-antisense.svg
updating png of ./datavis/verified-transcripts-plusminus-intragenic/libsizenorm/all-v-all/passing/wholeread/netseq-verified-transcripts-plusminus-intragenic-libsizenorm-passing_all-v-all_wholeread-heatmap-bysample-antisense.svg
updating png of ./datavis/verified-transcripts-plusminus-intragenic/libsizenorm/all-v-all/passing/wholeread/netseq-verified-transcripts-plusminus-intragenic-libsizenorm-passing_all-v-all_wholeread-metagene-sampleoverlay-bothstrands.svg
updating png of ./datavis/verified-transcripts-plusminus-intragenic/libsizenorm/all-v-all/passing/wholeread/netseq-verified-transcripts-plusminus-intragenic-libsizenorm-passing_all-v-all_wholeread-metagene-bysample-sense.svg
updating png of ./datavis/verified-transcripts-plusminus-intragenic/libsizenorm/all-v-all/passing/wholeread/netseq-verified-transcripts-plusminus-intragenic-libsizenorm-passing_all-v-all_wholeread-metagene-byclustergroup-antisense.svg
updating png of ./datavis/verified-transcripts-plusminus-intragenic/libsizenorm/all-v-all/passing/wholeread/netseq-verified-transcripts-plusminus-intragenic-libsizenorm-passing_all-v-all_wholeread-metagene-byclustersample-bothstrands.svg
updating png of ./datavis/verified-transcripts-plusminus-intragenic/libsizenorm/all-v-all/passing/wholeread/netseq-verified-transcripts-plusminus-intragenic-libsizenorm-passing_all-v-all_wholeread-metagene-byclustersample-antisense.svg
updating png of ./datavis/verified-transcripts-plusminus-intragenic/libsizenorm/all-v-all/passing/wholeread/netseq-verified-transcripts-plusminus-intragenic-libsizenorm-passing_all-v-all_wholeread-metagene-bygroup-antisense.svg
updating png of ./datavis/verified-transcripts-plusminus-intragenic/libsizenorm/all-v-all/passing/wholeread/netseq-verified-transcripts-plusminus-intragenic-libsizenorm-passing_all-v-all_wholeread-metagene-bygroup-bothstrands.svg
creating png of ./datavis/verified-transcripts-plusminus-intragenic/libsizenorm/all-v-all/passing/wholeread/netseq-verified-transcripts-plusminus-intragenic-libsizenorm-passing_all-v-all_wholeread-metagene-byanno-sample-bothstrands.svg
updating png of ./datavis/verified-transcripts-plusminus-intragenic/libsizenorm/all-v-all/passing/wholeread/netseq-verified-transcripts-plusminus-intragenic-libsizenorm-passing_all-v-all_wholeread-heatmap-bysample-bothstrands.svg
updating png of ./datavis/verified-transcripts-plusminus-intragenic/libsizenorm/all-v-all/passing/wholeread/netseq-verified-transcripts-plusminus-intragenic-libsizenorm-passing_all-v-all_wholeread-metagene-byclustergroup-bothstrands.svg
updating png of ./datavis/verified-transcripts-plusminus-intragenic/libsizenorm/all-v-all/passing/wholeread/netseq-verified-transcripts-plusminus-intragenic-libsizenorm-passing_all-v-all_wholeread-metagene-byclustersample-sense.svg
updating png of ./datavis/verified-transcripts-plusminus-intragenic/libsizenorm/all-v-all/passing/wholeread/netseq-verified-transcripts-plusminus-intragenic-libsizenorm-passing_all-v-all_wholeread-heatmap-bygroup-antisense.svg
creating png of ./datavis/verified-transcripts-plusminus-intragenic/libsizenorm/all-v-all/passing/wholeread/netseq-verified-transcripts-plusminus-intragenic-libsizenorm-passing_all-v-all_wholeread-metagene-byanno-sample-sense.svg
updating png of ./datavis/verified-transcripts-plusminus-intragenic/libsizenorm/all-v-all/passing/wholeread/netseq-verified-transcripts-plusminus-intragenic-libsizenorm-passing_all-v-all_wholeread-heatmap-bysample-sense.svg
updating png of ./datavis/verified-transcripts-plusminus-intragenic/libsizenorm/all-v-all/passing/wholeread/netseq-verified-transcripts-plusminus-intragenic-libsizenorm-passing_all-v-all_wholeread-metagene-sampleoverlay-sense.svg
creating png of ./datavis/verified-transcripts-plusminus-intragenic/libsizenorm/all-v-all/passing/wholeread/netseq-verified-transcripts-plusminus-intragenic-libsizenorm-passing_all-v-all_wholeread-metagene-byanno-sample-antisense.svg
updating png of ./datavis/verified-transcripts-plusminus-intragenic/libsizenorm/all-v-all/passing/wholeread/netseq-verified-transcripts-plusminus-intragenic-libsizenorm-passing_all-v-all_wholeread-metagene-byclustergroup-sense.svg
updating png of ./datavis/verified-transcripts-plusminus-intragenic/libsizenorm/all-v-all/all/5end/netseq-verified-transcripts-plusminus-intragenic-libsizenorm-all_all-v-all_5end-metagene-bygroup-antisense.svg
updating png of ./datavis/verified-transcripts-plusminus-intragenic/libsizenorm/all-v-all/all/5end/netseq-verified-transcripts-plusminus-intragenic-libsizenorm-all_all-v-all_5end-heatmap-bygroup-sense.svg
updating png of ./datavis/verified-transcripts-plusminus-intragenic/libsizenorm/all-v-all/all/5end/netseq-verified-transcripts-plusminus-intragenic-libsizenorm-all_all-v-all_5end-metagene-byclustergroup-antisense.svg
updating png of ./datavis/verified-transcripts-plusminus-intragenic/libsizenorm/all-v-all/all/5end/netseq-verified-transcripts-plusminus-intragenic-libsizenorm-all_all-v-all_5end-metagene-byclustersample-bothstrands.svg
updating png of ./datavis/verified-transcripts-plusminus-intragenic/libsizenorm/all-v-all/all/5end/netseq-verified-transcripts-plusminus-intragenic-libsizenorm-all_all-v-all_5end-metagene-bygroup-sense.svg
updating png of ./datavis/verified-transcripts-plusminus-intragenic/libsizenorm/all-v-all/all/5end/netseq-verified-transcripts-plusminus-intragenic-libsizenorm-all_all-v-all_5end-heatmap-bygroup-antisense.svg
creating png of ./datavis/verified-transcripts-plusminus-intragenic/libsizenorm/all-v-all/all/5end/netseq-verified-transcripts-plusminus-intragenic-libsizenorm-all_all-v-all_5end-metagene-byanno-group-antisense.svg
creating png of ./datavis/verified-transcripts-plusminus-intragenic/libsizenorm/all-v-all/all/5end/netseq-verified-transcripts-plusminus-intragenic-libsizenorm-all_all-v-all_5end-metagene-byanno-sample-bothstrands.svg
creating png of ./datavis/verified-transcripts-plusminus-intragenic/libsizenorm/all-v-all/all/5end/netseq-verified-transcripts-plusminus-intragenic-libsizenorm-all_all-v-all_5end-metagene-byanno-sample-sense.svg
creating png of ./datavis/verified-transcripts-plusminus-intragenic/libsizenorm/all-v-all/all/5end/netseq-verified-transcripts-plusminus-intragenic-libsizenorm-all_all-v-all_5end-metagene-byanno-group-bothstrands.svg
updating png of ./datavis/verified-transcripts-plusminus-intragenic/libsizenorm/all-v-all/all/5end/netseq-verified-transcripts-plusminus-intragenic-libsizenorm-all_all-v-all_5end-metagene-sampleoverlay-sense.svg
updating png of ./datavis/verified-transcripts-plusminus-intragenic/libsizenorm/all-v-all/all/5end/netseq-verified-transcripts-plusminus-intragenic-libsizenorm-all_all-v-all_5end-metagene-bysample-bothstrands.svg
creating png of ./datavis/verified-transcripts-plusminus-intragenic/libsizenorm/all-v-all/all/5end/netseq-verified-transcripts-plusminus-intragenic-libsizenorm-all_all-v-all_5end-metagene-byanno-sample-antisense.svg
updating png of ./datavis/verified-transcripts-plusminus-intragenic/libsizenorm/all-v-all/all/5end/netseq-verified-transcripts-plusminus-intragenic-libsizenorm-all_all-v-all_5end-metagene-byclustergroup-sense.svg
updating png of ./datavis/verified-transcripts-plusminus-intragenic/libsizenorm/all-v-all/all/5end/netseq-verified-transcripts-plusminus-intragenic-libsizenorm-all_all-v-all_5end-metagene-bygroup-bothstrands.svg
updating png of ./datavis/verified-transcripts-plusminus-intragenic/libsizenorm/all-v-all/all/5end/netseq-verified-transcripts-plusminus-intragenic-libsizenorm-all_all-v-all_5end-metagene-byclustergroup-bothstrands.svg
updating png of ./datavis/verified-transcripts-plusminus-intragenic/libsizenorm/all-v-all/all/5end/netseq-verified-transcripts-plusminus-intragenic-libsizenorm-all_all-v-all_5end-metagene-byclustersample-sense.svg
creating png of ./datavis/verified-transcripts-plusminus-intragenic/libsizenorm/all-v-all/all/5end/netseq-verified-transcripts-plusminus-intragenic-libsizenorm-all_all-v-all_5end-metagene-byanno-group-sense.svg
updating png of ./datavis/verified-transcripts-plusminus-intragenic/libsizenorm/all-v-all/all/5end/netseq-verified-transcripts-plusminus-intragenic-libsizenorm-all_all-v-all_5end-metagene-bysample-antisense.svg
updating png of ./datavis/verified-transcripts-plusminus-intragenic/libsizenorm/all-v-all/all/5end/netseq-verified-transcripts-plusminus-intragenic-libsizenorm-all_all-v-all_5end-metagene-byclustersample-antisense.svg
updating png of ./datavis/verified-transcripts-plusminus-intragenic/libsizenorm/all-v-all/all/5end/netseq-verified-transcripts-plusminus-intragenic-libsizenorm-all_all-v-all_5end-metagene-sampleoverlay-antisense.svg
updating png of ./datavis/verified-transcripts-plusminus-intragenic/libsizenorm/all-v-all/all/5end/netseq-verified-transcripts-plusminus-intragenic-libsizenorm-all_all-v-all_5end-metagene-bysample-sense.svg
updating png of ./datavis/verified-transcripts-plusminus-intragenic/libsizenorm/all-v-all/all/5end/netseq-verified-transcripts-plusminus-intragenic-libsizenorm-all_all-v-all_5end-heatmap-bygroup-bothstrands.svg
updating png of ./datavis/verified-transcripts-plusminus-intragenic/libsizenorm/all-v-all/all/5end/netseq-verified-transcripts-plusminus-intragenic-libsizenorm-all_all-v-all_5end-heatmap-bysample-sense.svg
updating png of ./datavis/verified-transcripts-plusminus-intragenic/libsizenorm/all-v-all/all/5end/netseq-verified-transcripts-plusminus-intragenic-libsizenorm-all_all-v-all_5end-heatmap-bysample-bothstrands.svg
updating png of ./datavis/verified-transcripts-plusminus-intragenic/libsizenorm/all-v-all/all/5end/netseq-verified-transcripts-plusminus-intragenic-libsizenorm-all_all-v-all_5end-metagene-sampleoverlay-bothstrands.svg
updating png of ./datavis/verified-transcripts-plusminus-intragenic/libsizenorm/all-v-all/all/5end/netseq-verified-transcripts-plusminus-intragenic-libsizenorm-all_all-v-all_5end-heatmap-bysample-antisense.svg
updating png of ./datavis/verified-transcripts-plusminus-intragenic/libsizenorm/all-v-all/all/wholeread/netseq-verified-transcripts-plusminus-intragenic-libsizenorm-all_all-v-all_wholeread-metagene-byclustersample-antisense.svg
updating png of ./datavis/verified-transcripts-plusminus-intragenic/libsizenorm/all-v-all/all/wholeread/netseq-verified-transcripts-plusminus-intragenic-libsizenorm-all_all-v-all_wholeread-metagene-sampleoverlay-sense.svg
updating png of ./datavis/verified-transcripts-plusminus-intragenic/libsizenorm/all-v-all/all/wholeread/netseq-verified-transcripts-plusminus-intragenic-libsizenorm-all_all-v-all_wholeread-heatmap-bysample-sense.svg
updating png of ./datavis/verified-transcripts-plusminus-intragenic/libsizenorm/all-v-all/all/wholeread/netseq-verified-transcripts-plusminus-intragenic-libsizenorm-all_all-v-all_wholeread-metagene-byclustergroup-antisense.svg
updating png of ./datavis/verified-transcripts-plusminus-intragenic/libsizenorm/all-v-all/all/wholeread/netseq-verified-transcripts-plusminus-intragenic-libsizenorm-all_all-v-all_wholeread-metagene-byclustersample-sense.svg
creating png of ./datavis/verified-transcripts-plusminus-intragenic/libsizenorm/all-v-all/all/wholeread/netseq-verified-transcripts-plusminus-intragenic-libsizenorm-all_all-v-all_wholeread-metagene-byanno-group-sense.svg
updating png of ./datavis/verified-transcripts-plusminus-intragenic/libsizenorm/all-v-all/all/wholeread/netseq-verified-transcripts-plusminus-intragenic-libsizenorm-all_all-v-all_wholeread-heatmap-bysample-bothstrands.svg
updating png of ./datavis/verified-transcripts-plusminus-intragenic/libsizenorm/all-v-all/all/wholeread/netseq-verified-transcripts-plusminus-intragenic-libsizenorm-all_all-v-all_wholeread-metagene-sampleoverlay-bothstrands.svg
creating png of ./datavis/verified-transcripts-plusminus-intragenic/libsizenorm/all-v-all/all/wholeread/netseq-verified-transcripts-plusminus-intragenic-libsizenorm-all_all-v-all_wholeread-metagene-byanno-group-bothstrands.svg
updating png of ./datavis/verified-transcripts-plusminus-intragenic/libsizenorm/all-v-all/all/wholeread/netseq-verified-transcripts-plusminus-intragenic-libsizenorm-all_all-v-all_wholeread-metagene-sampleoverlay-antisense.svg
updating png of ./datavis/verified-transcripts-plusminus-intragenic/libsizenorm/all-v-all/all/wholeread/netseq-verified-transcripts-plusminus-intragenic-libsizenorm-all_all-v-all_wholeread-metagene-bysample-antisense.svg
updating png of ./datavis/verified-transcripts-plusminus-intragenic/libsizenorm/all-v-all/all/wholeread/netseq-verified-transcripts-plusminus-intragenic-libsizenorm-all_all-v-all_wholeread-metagene-byclustergroup-bothstrands.svg
creating png of ./datavis/verified-transcripts-plusminus-intragenic/libsizenorm/all-v-all/all/wholeread/netseq-verified-transcripts-plusminus-intragenic-libsizenorm-all_all-v-all_wholeread-metagene-byanno-group-antisense.svg
updating png of ./datavis/verified-transcripts-plusminus-intragenic/libsizenorm/all-v-all/all/wholeread/netseq-verified-transcripts-plusminus-intragenic-libsizenorm-all_all-v-all_wholeread-metagene-bygroup-bothstrands.svg
updating png of ./datavis/verified-transcripts-plusminus-intragenic/libsizenorm/all-v-all/all/wholeread/netseq-verified-transcripts-plusminus-intragenic-libsizenorm-all_all-v-all_wholeread-metagene-bysample-sense.svg
updating png of ./datavis/verified-transcripts-plusminus-intragenic/libsizenorm/all-v-all/all/wholeread/netseq-verified-transcripts-plusminus-intragenic-libsizenorm-all_all-v-all_wholeread-metagene-byclustergroup-sense.svg
updating png of ./datavis/verified-transcripts-plusminus-intragenic/libsizenorm/all-v-all/all/wholeread/netseq-verified-transcripts-plusminus-intragenic-libsizenorm-all_all-v-all_wholeread-metagene-bysample-bothstrands.svg
creating png of ./datavis/verified-transcripts-plusminus-intragenic/libsizenorm/all-v-all/all/wholeread/netseq-verified-transcripts-plusminus-intragenic-libsizenorm-all_all-v-all_wholeread-metagene-byanno-sample-bothstrands.svg
creating png of ./datavis/verified-transcripts-plusminus-intragenic/libsizenorm/all-v-all/all/wholeread/netseq-verified-transcripts-plusminus-intragenic-libsizenorm-all_all-v-all_wholeread-metagene-byanno-sample-sense.svg
updating png of ./datavis/verified-transcripts-plusminus-intragenic/libsizenorm/all-v-all/all/wholeread/netseq-verified-transcripts-plusminus-intragenic-libsizenorm-all_all-v-all_wholeread-heatmap-bygroup-sense.svg
creating png of ./datavis/verified-transcripts-plusminus-intragenic/libsizenorm/all-v-all/all/wholeread/netseq-verified-transcripts-plusminus-intragenic-libsizenorm-all_all-v-all_wholeread-metagene-byanno-sample-antisense.svg
updating png of ./datavis/verified-transcripts-plusminus-intragenic/libsizenorm/all-v-all/all/wholeread/netseq-verified-transcripts-plusminus-intragenic-libsizenorm-all_all-v-all_wholeread-metagene-bygroup-antisense.svg
updating png of ./datavis/verified-transcripts-plusminus-intragenic/libsizenorm/all-v-all/all/wholeread/netseq-verified-transcripts-plusminus-intragenic-libsizenorm-all_all-v-all_wholeread-heatmap-bysample-antisense.svg
updating png of ./datavis/verified-transcripts-plusminus-intragenic/libsizenorm/all-v-all/all/wholeread/netseq-verified-transcripts-plusminus-intragenic-libsizenorm-all_all-v-all_wholeread-metagene-byclustersample-bothstrands.svg
updating png of ./datavis/verified-transcripts-plusminus-intragenic/libsizenorm/all-v-all/all/wholeread/netseq-verified-transcripts-plusminus-intragenic-libsizenorm-all_all-v-all_wholeread-heatmap-bygroup-bothstrands.svg
updating png of ./datavis/verified-transcripts-plusminus-intragenic/libsizenorm/all-v-all/all/wholeread/netseq-verified-transcripts-plusminus-intragenic-libsizenorm-all_all-v-all_wholeread-metagene-bygroup-sense.svg
updating png of ./datavis/verified-transcripts-plusminus-intragenic/libsizenorm/all-v-all/all/wholeread/netseq-verified-transcripts-plusminus-intragenic-libsizenorm-all_all-v-all_wholeread-heatmap-bygroup-antisense.svg
updating png of ./datavis/verified-transcripts-nonoverlapping-TSS/libsizenorm/spt6-1004-37C-v-WT-37C/passing/5end/netseq-verified-transcripts-nonoverlapping-TSS-libsizenorm-passing_spt6-1004-37C-v-WT-37C_5end-metagene-byanno-sample-bothstrands.svg
updating png of ./datavis/verified-transcripts-nonoverlapping-TSS/libsizenorm/spt6-1004-37C-v-WT-37C/passing/5end/netseq-verified-transcripts-nonoverlapping-TSS-libsizenorm-passing_spt6-1004-37C-v-WT-37C_5end-metagene-bysample-bothstrands.svg
updating png of ./datavis/verified-transcripts-nonoverlapping-TSS/libsizenorm/spt6-1004-37C-v-WT-37C/passing/5end/netseq-verified-transcripts-nonoverlapping-TSS-libsizenorm-passing_spt6-1004-37C-v-WT-37C_5end-metagene-sampleoverlay-antisense.svg
updating png of ./datavis/verified-transcripts-nonoverlapping-TSS/libsizenorm/spt6-1004-37C-v-WT-37C/passing/5end/netseq-verified-transcripts-nonoverlapping-TSS-libsizenorm-passing_spt6-1004-37C-v-WT-37C_5end-heatmap-bygroup-antisense.svg
updating png of ./datavis/verified-transcripts-nonoverlapping-TSS/libsizenorm/spt6-1004-37C-v-WT-37C/passing/5end/netseq-verified-transcripts-nonoverlapping-TSS-libsizenorm-passing_spt6-1004-37C-v-WT-37C_5end-heatmap-bysample-antisense.svg
updating png of ./datavis/verified-transcripts-nonoverlapping-TSS/libsizenorm/spt6-1004-37C-v-WT-37C/passing/5end/netseq-verified-transcripts-nonoverlapping-TSS-libsizenorm-passing_spt6-1004-37C-v-WT-37C_5end-metagene-bysample-sense.svg
updating png of ./datavis/verified-transcripts-nonoverlapping-TSS/libsizenorm/spt6-1004-37C-v-WT-37C/passing/5end/netseq-verified-transcripts-nonoverlapping-TSS-libsizenorm-passing_spt6-1004-37C-v-WT-37C_5end-metagene-byclustersample-bothstrands.svg
updating png of ./datavis/verified-transcripts-nonoverlapping-TSS/libsizenorm/spt6-1004-37C-v-WT-37C/passing/5end/netseq-verified-transcripts-nonoverlapping-TSS-libsizenorm-passing_spt6-1004-37C-v-WT-37C_5end-metagene-byclustersample-antisense.svg
updating png of ./datavis/verified-transcripts-nonoverlapping-TSS/libsizenorm/spt6-1004-37C-v-WT-37C/passing/5end/netseq-verified-transcripts-nonoverlapping-TSS-libsizenorm-passing_spt6-1004-37C-v-WT-37C_5end-metagene-bygroup-antisense.svg
updating png of ./datavis/verified-transcripts-nonoverlapping-TSS/libsizenorm/spt6-1004-37C-v-WT-37C/passing/5end/netseq-verified-transcripts-nonoverlapping-TSS-libsizenorm-passing_spt6-1004-37C-v-WT-37C_5end-metagene-byclustergroup-antisense.svg
updating png of ./datavis/verified-transcripts-nonoverlapping-TSS/libsizenorm/spt6-1004-37C-v-WT-37C/passing/5end/netseq-verified-transcripts-nonoverlapping-TSS-libsizenorm-passing_spt6-1004-37C-v-WT-37C_5end-metagene-byanno-group-sense.svg
updating png of ./datavis/verified-transcripts-nonoverlapping-TSS/libsizenorm/spt6-1004-37C-v-WT-37C/passing/5end/netseq-verified-transcripts-nonoverlapping-TSS-libsizenorm-passing_spt6-1004-37C-v-WT-37C_5end-heatmap-bygroup-sense.svg
updating png of ./datavis/verified-transcripts-nonoverlapping-TSS/libsizenorm/spt6-1004-37C-v-WT-37C/passing/5end/netseq-verified-transcripts-nonoverlapping-TSS-libsizenorm-passing_spt6-1004-37C-v-WT-37C_5end-metagene-byclustersample-sense.svg
updating png of ./datavis/verified-transcripts-nonoverlapping-TSS/libsizenorm/spt6-1004-37C-v-WT-37C/passing/5end/netseq-verified-transcripts-nonoverlapping-TSS-libsizenorm-passing_spt6-1004-37C-v-WT-37C_5end-metagene-byanno-sample-antisense.svg
updating png of ./datavis/verified-transcripts-nonoverlapping-TSS/libsizenorm/spt6-1004-37C-v-WT-37C/passing/5end/netseq-verified-transcripts-nonoverlapping-TSS-libsizenorm-passing_spt6-1004-37C-v-WT-37C_5end-metagene-byanno-group-bothstrands.svg
updating png of ./datavis/verified-transcripts-nonoverlapping-TSS/libsizenorm/spt6-1004-37C-v-WT-37C/passing/5end/netseq-verified-transcripts-nonoverlapping-TSS-libsizenorm-passing_spt6-1004-37C-v-WT-37C_5end-metagene-byclustergroup-bothstrands.svg
updating png of ./datavis/verified-transcripts-nonoverlapping-TSS/libsizenorm/spt6-1004-37C-v-WT-37C/passing/5end/netseq-verified-transcripts-nonoverlapping-TSS-libsizenorm-passing_spt6-1004-37C-v-WT-37C_5end-metagene-sampleoverlay-sense.svg
updating png of ./datavis/verified-transcripts-nonoverlapping-TSS/libsizenorm/spt6-1004-37C-v-WT-37C/passing/5end/netseq-verified-transcripts-nonoverlapping-TSS-libsizenorm-passing_spt6-1004-37C-v-WT-37C_5end-metagene-byanno-sample-sense.svg
updating png of ./datavis/verified-transcripts-nonoverlapping-TSS/libsizenorm/spt6-1004-37C-v-WT-37C/passing/5end/netseq-verified-transcripts-nonoverlapping-TSS-libsizenorm-passing_spt6-1004-37C-v-WT-37C_5end-metagene-byclustergroup-sense.svg
updating png of ./datavis/verified-transcripts-nonoverlapping-TSS/libsizenorm/spt6-1004-37C-v-WT-37C/passing/5end/netseq-verified-transcripts-nonoverlapping-TSS-libsizenorm-passing_spt6-1004-37C-v-WT-37C_5end-metagene-bygroup-bothstrands.svg
updating png of ./datavis/verified-transcripts-nonoverlapping-TSS/libsizenorm/spt6-1004-37C-v-WT-37C/passing/5end/netseq-verified-transcripts-nonoverlapping-TSS-libsizenorm-passing_spt6-1004-37C-v-WT-37C_5end-heatmap-bygroup-bothstrands.svg
updating png of ./datavis/verified-transcripts-nonoverlapping-TSS/libsizenorm/spt6-1004-37C-v-WT-37C/passing/5end/netseq-verified-transcripts-nonoverlapping-TSS-libsizenorm-passing_spt6-1004-37C-v-WT-37C_5end-metagene-byanno-group-antisense.svg
updating png of ./datavis/verified-transcripts-nonoverlapping-TSS/libsizenorm/spt6-1004-37C-v-WT-37C/passing/5end/netseq-verified-transcripts-nonoverlapping-TSS-libsizenorm-passing_spt6-1004-37C-v-WT-37C_5end-metagene-bygroup-sense.svg
updating png of ./datavis/verified-transcripts-nonoverlapping-TSS/libsizenorm/spt6-1004-37C-v-WT-37C/passing/5end/netseq-verified-transcripts-nonoverlapping-TSS-libsizenorm-passing_spt6-1004-37C-v-WT-37C_5end-heatmap-bysample-bothstrands.svg
updating png of ./datavis/verified-transcripts-nonoverlapping-TSS/libsizenorm/spt6-1004-37C-v-WT-37C/passing/5end/netseq-verified-transcripts-nonoverlapping-TSS-libsizenorm-passing_spt6-1004-37C-v-WT-37C_5end-heatmap-bysample-sense.svg
updating png of ./datavis/verified-transcripts-nonoverlapping-TSS/libsizenorm/spt6-1004-37C-v-WT-37C/passing/5end/netseq-verified-transcripts-nonoverlapping-TSS-libsizenorm-passing_spt6-1004-37C-v-WT-37C_5end-metagene-sampleoverlay-bothstrands.svg
updating png of ./datavis/verified-transcripts-nonoverlapping-TSS/libsizenorm/spt6-1004-37C-v-WT-37C/passing/5end/netseq-verified-transcripts-nonoverlapping-TSS-libsizenorm-passing_spt6-1004-37C-v-WT-37C_5end-metagene-bysample-antisense.svg
updating png of ./datavis/verified-transcripts-nonoverlapping-TSS/libsizenorm/spt6-1004-37C-v-WT-37C/passing/wholeread/netseq-verified-transcripts-nonoverlapping-TSS-libsizenorm-passing_spt6-1004-37C-v-WT-37C_wholeread-metagene-sampleoverlay-antisense.svg
updating png of ./datavis/verified-transcripts-nonoverlapping-TSS/libsizenorm/spt6-1004-37C-v-WT-37C/passing/wholeread/netseq-verified-transcripts-nonoverlapping-TSS-libsizenorm-passing_spt6-1004-37C-v-WT-37C_wholeread-metagene-byclustergroup-bothstrands.svg
updating png of ./datavis/verified-transcripts-nonoverlapping-TSS/libsizenorm/spt6-1004-37C-v-WT-37C/passing/wholeread/netseq-verified-transcripts-nonoverlapping-TSS-libsizenorm-passing_spt6-1004-37C-v-WT-37C_wholeread-heatmap-bygroup-sense.svg
updating png of ./datavis/verified-transcripts-nonoverlapping-TSS/libsizenorm/spt6-1004-37C-v-WT-37C/passing/wholeread/netseq-verified-transcripts-nonoverlapping-TSS-libsizenorm-passing_spt6-1004-37C-v-WT-37C_wholeread-metagene-sampleoverlay-bothstrands.svg
updating png of ./datavis/verified-transcripts-nonoverlapping-TSS/libsizenorm/spt6-1004-37C-v-WT-37C/passing/wholeread/netseq-verified-transcripts-nonoverlapping-TSS-libsizenorm-passing_spt6-1004-37C-v-WT-37C_wholeread-metagene-byclustersample-antisense.svg
updating png of ./datavis/verified-transcripts-nonoverlapping-TSS/libsizenorm/spt6-1004-37C-v-WT-37C/passing/wholeread/netseq-verified-transcripts-nonoverlapping-TSS-libsizenorm-passing_spt6-1004-37C-v-WT-37C_wholeread-metagene-bygroup-antisense.svg
updating png of ./datavis/verified-transcripts-nonoverlapping-TSS/libsizenorm/spt6-1004-37C-v-WT-37C/passing/wholeread/netseq-verified-transcripts-nonoverlapping-TSS-libsizenorm-passing_spt6-1004-37C-v-WT-37C_wholeread-metagene-bysample-antisense.svg
updating png of ./datavis/verified-transcripts-nonoverlapping-TSS/libsizenorm/spt6-1004-37C-v-WT-37C/passing/wholeread/netseq-verified-transcripts-nonoverlapping-TSS-libsizenorm-passing_spt6-1004-37C-v-WT-37C_wholeread-heatmap-bysample-sense.svg
updating png of ./datavis/verified-transcripts-nonoverlapping-TSS/libsizenorm/spt6-1004-37C-v-WT-37C/passing/wholeread/netseq-verified-transcripts-nonoverlapping-TSS-libsizenorm-passing_spt6-1004-37C-v-WT-37C_wholeread-metagene-byanno-sample-antisense.svg
updating png of ./datavis/verified-transcripts-nonoverlapping-TSS/libsizenorm/spt6-1004-37C-v-WT-37C/passing/wholeread/netseq-verified-transcripts-nonoverlapping-TSS-libsizenorm-passing_spt6-1004-37C-v-WT-37C_wholeread-heatmap-bysample-antisense.svg
updating png of ./datavis/verified-transcripts-nonoverlapping-TSS/libsizenorm/spt6-1004-37C-v-WT-37C/passing/wholeread/netseq-verified-transcripts-nonoverlapping-TSS-libsizenorm-passing_spt6-1004-37C-v-WT-37C_wholeread-metagene-sampleoverlay-sense.svg
updating png of ./datavis/verified-transcripts-nonoverlapping-TSS/libsizenorm/spt6-1004-37C-v-WT-37C/passing/wholeread/netseq-verified-transcripts-nonoverlapping-TSS-libsizenorm-passing_spt6-1004-37C-v-WT-37C_wholeread-metagene-byanno-sample-bothstrands.svg
updating png of ./datavis/verified-transcripts-nonoverlapping-TSS/libsizenorm/spt6-1004-37C-v-WT-37C/passing/wholeread/netseq-verified-transcripts-nonoverlapping-TSS-libsizenorm-passing_spt6-1004-37C-v-WT-37C_wholeread-metagene-bysample-bothstrands.svg
updating png of ./datavis/verified-transcripts-nonoverlapping-TSS/libsizenorm/spt6-1004-37C-v-WT-37C/passing/wholeread/netseq-verified-transcripts-nonoverlapping-TSS-libsizenorm-passing_spt6-1004-37C-v-WT-37C_wholeread-metagene-byclustergroup-sense.svg
updating png of ./datavis/verified-transcripts-nonoverlapping-TSS/libsizenorm/spt6-1004-37C-v-WT-37C/passing/wholeread/netseq-verified-transcripts-nonoverlapping-TSS-libsizenorm-passing_spt6-1004-37C-v-WT-37C_wholeread-metagene-byanno-group-antisense.svg
updating png of ./datavis/verified-transcripts-nonoverlapping-TSS/libsizenorm/spt6-1004-37C-v-WT-37C/passing/wholeread/netseq-verified-transcripts-nonoverlapping-TSS-libsizenorm-passing_spt6-1004-37C-v-WT-37C_wholeread-metagene-byanno-group-bothstrands.svg
updating png of ./datavis/verified-transcripts-nonoverlapping-TSS/libsizenorm/spt6-1004-37C-v-WT-37C/passing/wholeread/netseq-verified-transcripts-nonoverlapping-TSS-libsizenorm-passing_spt6-1004-37C-v-WT-37C_wholeread-metagene-byclustersample-bothstrands.svg
updating png of ./datavis/verified-transcripts-nonoverlapping-TSS/libsizenorm/spt6-1004-37C-v-WT-37C/passing/wholeread/netseq-verified-transcripts-nonoverlapping-TSS-libsizenorm-passing_spt6-1004-37C-v-WT-37C_wholeread-metagene-byclustergroup-antisense.svg
updating png of ./datavis/verified-transcripts-nonoverlapping-TSS/libsizenorm/spt6-1004-37C-v-WT-37C/passing/wholeread/netseq-verified-transcripts-nonoverlapping-TSS-libsizenorm-passing_spt6-1004-37C-v-WT-37C_wholeread-metagene-byanno-sample-sense.svg
updating png of ./datavis/verified-transcripts-nonoverlapping-TSS/libsizenorm/spt6-1004-37C-v-WT-37C/passing/wholeread/netseq-verified-transcripts-nonoverlapping-TSS-libsizenorm-passing_spt6-1004-37C-v-WT-37C_wholeread-metagene-bygroup-sense.svg
updating png of ./datavis/verified-transcripts-nonoverlapping-TSS/libsizenorm/spt6-1004-37C-v-WT-37C/passing/wholeread/netseq-verified-transcripts-nonoverlapping-TSS-libsizenorm-passing_spt6-1004-37C-v-WT-37C_wholeread-metagene-bygroup-bothstrands.svg
updating png of ./datavis/verified-transcripts-nonoverlapping-TSS/libsizenorm/spt6-1004-37C-v-WT-37C/passing/wholeread/netseq-verified-transcripts-nonoverlapping-TSS-libsizenorm-passing_spt6-1004-37C-v-WT-37C_wholeread-metagene-bysample-sense.svg
updating png of ./datavis/verified-transcripts-nonoverlapping-TSS/libsizenorm/spt6-1004-37C-v-WT-37C/passing/wholeread/netseq-verified-transcripts-nonoverlapping-TSS-libsizenorm-passing_spt6-1004-37C-v-WT-37C_wholeread-heatmap-bygroup-bothstrands.svg
updating png of ./datavis/verified-transcripts-nonoverlapping-TSS/libsizenorm/spt6-1004-37C-v-WT-37C/passing/wholeread/netseq-verified-transcripts-nonoverlapping-TSS-libsizenorm-passing_spt6-1004-37C-v-WT-37C_wholeread-metagene-byclustersample-sense.svg
updating png of ./datavis/verified-transcripts-nonoverlapping-TSS/libsizenorm/spt6-1004-37C-v-WT-37C/passing/wholeread/netseq-verified-transcripts-nonoverlapping-TSS-libsizenorm-passing_spt6-1004-37C-v-WT-37C_wholeread-heatmap-bygroup-antisense.svg
updating png of ./datavis/verified-transcripts-nonoverlapping-TSS/libsizenorm/spt6-1004-37C-v-WT-37C/passing/wholeread/netseq-verified-transcripts-nonoverlapping-TSS-libsizenorm-passing_spt6-1004-37C-v-WT-37C_wholeread-metagene-byanno-group-sense.svg
updating png of ./datavis/verified-transcripts-nonoverlapping-TSS/libsizenorm/spt6-1004-37C-v-WT-37C/passing/wholeread/netseq-verified-transcripts-nonoverlapping-TSS-libsizenorm-passing_spt6-1004-37C-v-WT-37C_wholeread-heatmap-bysample-bothstrands.svg
updating png of ./datavis/verified-transcripts-nonoverlapping-TSS/libsizenorm/spt6-1004-37C-v-WT-37C/all/5end/netseq-verified-transcripts-nonoverlapping-TSS-libsizenorm-all_spt6-1004-37C-v-WT-37C_5end-metagene-byclustersample-antisense.svg
updating png of ./datavis/verified-transcripts-nonoverlapping-TSS/libsizenorm/spt6-1004-37C-v-WT-37C/all/5end/netseq-verified-transcripts-nonoverlapping-TSS-libsizenorm-all_spt6-1004-37C-v-WT-37C_5end-heatmap-bygroup-sense.svg
updating png of ./datavis/verified-transcripts-nonoverlapping-TSS/libsizenorm/spt6-1004-37C-v-WT-37C/all/5end/netseq-verified-transcripts-nonoverlapping-TSS-libsizenorm-all_spt6-1004-37C-v-WT-37C_5end-metagene-byanno-group-bothstrands.svg
updating png of ./datavis/verified-transcripts-nonoverlapping-TSS/libsizenorm/spt6-1004-37C-v-WT-37C/all/5end/netseq-verified-transcripts-nonoverlapping-TSS-libsizenorm-all_spt6-1004-37C-v-WT-37C_5end-metagene-byclustersample-sense.svg
updating png of ./datavis/verified-transcripts-nonoverlapping-TSS/libsizenorm/spt6-1004-37C-v-WT-37C/all/5end/netseq-verified-transcripts-nonoverlapping-TSS-libsizenorm-all_spt6-1004-37C-v-WT-37C_5end-metagene-byclustergroup-bothstrands.svg
updating png of ./datavis/verified-transcripts-nonoverlapping-TSS/libsizenorm/spt6-1004-37C-v-WT-37C/all/5end/netseq-verified-transcripts-nonoverlapping-TSS-libsizenorm-all_spt6-1004-37C-v-WT-37C_5end-metagene-byanno-sample-sense.svg
updating png of ./datavis/verified-transcripts-nonoverlapping-TSS/libsizenorm/spt6-1004-37C-v-WT-37C/all/5end/netseq-verified-transcripts-nonoverlapping-TSS-libsizenorm-all_spt6-1004-37C-v-WT-37C_5end-metagene-bysample-bothstrands.svg
updating png of ./datavis/verified-transcripts-nonoverlapping-TSS/libsizenorm/spt6-1004-37C-v-WT-37C/all/5end/netseq-verified-transcripts-nonoverlapping-TSS-libsizenorm-all_spt6-1004-37C-v-WT-37C_5end-heatmap-bygroup-bothstrands.svg
updating png of ./datavis/verified-transcripts-nonoverlapping-TSS/libsizenorm/spt6-1004-37C-v-WT-37C/all/5end/netseq-verified-transcripts-nonoverlapping-TSS-libsizenorm-all_spt6-1004-37C-v-WT-37C_5end-heatmap-bygroup-antisense.svg
updating png of ./datavis/verified-transcripts-nonoverlapping-TSS/libsizenorm/spt6-1004-37C-v-WT-37C/all/5end/netseq-verified-transcripts-nonoverlapping-TSS-libsizenorm-all_spt6-1004-37C-v-WT-37C_5end-metagene-byanno-group-antisense.svg
updating png of ./datavis/verified-transcripts-nonoverlapping-TSS/libsizenorm/spt6-1004-37C-v-WT-37C/all/5end/netseq-verified-transcripts-nonoverlapping-TSS-libsizenorm-all_spt6-1004-37C-v-WT-37C_5end-metagene-sampleoverlay-sense.svg
updating png of ./datavis/verified-transcripts-nonoverlapping-TSS/libsizenorm/spt6-1004-37C-v-WT-37C/all/5end/netseq-verified-transcripts-nonoverlapping-TSS-libsizenorm-all_spt6-1004-37C-v-WT-37C_5end-heatmap-bysample-bothstrands.svg
updating png of ./datavis/verified-transcripts-nonoverlapping-TSS/libsizenorm/spt6-1004-37C-v-WT-37C/all/5end/netseq-verified-transcripts-nonoverlapping-TSS-libsizenorm-all_spt6-1004-37C-v-WT-37C_5end-metagene-byanno-sample-bothstrands.svg
updating png of ./datavis/verified-transcripts-nonoverlapping-TSS/libsizenorm/spt6-1004-37C-v-WT-37C/all/5end/netseq-verified-transcripts-nonoverlapping-TSS-libsizenorm-all_spt6-1004-37C-v-WT-37C_5end-metagene-bygroup-sense.svg
updating png of ./datavis/verified-transcripts-nonoverlapping-TSS/libsizenorm/spt6-1004-37C-v-WT-37C/all/5end/netseq-verified-transcripts-nonoverlapping-TSS-libsizenorm-all_spt6-1004-37C-v-WT-37C_5end-metagene-bysample-antisense.svg
updating png of ./datavis/verified-transcripts-nonoverlapping-TSS/libsizenorm/spt6-1004-37C-v-WT-37C/all/5end/netseq-verified-transcripts-nonoverlapping-TSS-libsizenorm-all_spt6-1004-37C-v-WT-37C_5end-metagene-byanno-sample-antisense.svg
updating png of ./datavis/verified-transcripts-nonoverlapping-TSS/libsizenorm/spt6-1004-37C-v-WT-37C/all/5end/netseq-verified-transcripts-nonoverlapping-TSS-libsizenorm-all_spt6-1004-37C-v-WT-37C_5end-metagene-byclustergroup-sense.svg
updating png of ./datavis/verified-transcripts-nonoverlapping-TSS/libsizenorm/spt6-1004-37C-v-WT-37C/all/5end/netseq-verified-transcripts-nonoverlapping-TSS-libsizenorm-all_spt6-1004-37C-v-WT-37C_5end-metagene-bygroup-antisense.svg
updating png of ./datavis/verified-transcripts-nonoverlapping-TSS/libsizenorm/spt6-1004-37C-v-WT-37C/all/5end/netseq-verified-transcripts-nonoverlapping-TSS-libsizenorm-all_spt6-1004-37C-v-WT-37C_5end-heatmap-bysample-sense.svg
updating png of ./datavis/verified-transcripts-nonoverlapping-TSS/libsizenorm/spt6-1004-37C-v-WT-37C/all/5end/netseq-verified-transcripts-nonoverlapping-TSS-libsizenorm-all_spt6-1004-37C-v-WT-37C_5end-metagene-sampleoverlay-antisense.svg
updating png of ./datavis/verified-transcripts-nonoverlapping-TSS/libsizenorm/spt6-1004-37C-v-WT-37C/all/5end/netseq-verified-transcripts-nonoverlapping-TSS-libsizenorm-all_spt6-1004-37C-v-WT-37C_5end-metagene-sampleoverlay-bothstrands.svg
updating png of ./datavis/verified-transcripts-nonoverlapping-TSS/libsizenorm/spt6-1004-37C-v-WT-37C/all/5end/netseq-verified-transcripts-nonoverlapping-TSS-libsizenorm-all_spt6-1004-37C-v-WT-37C_5end-heatmap-bysample-antisense.svg
updating png of ./datavis/verified-transcripts-nonoverlapping-TSS/libsizenorm/spt6-1004-37C-v-WT-37C/all/5end/netseq-verified-transcripts-nonoverlapping-TSS-libsizenorm-all_spt6-1004-37C-v-WT-37C_5end-metagene-bygroup-bothstrands.svg
updating png of ./datavis/verified-transcripts-nonoverlapping-TSS/libsizenorm/spt6-1004-37C-v-WT-37C/all/5end/netseq-verified-transcripts-nonoverlapping-TSS-libsizenorm-all_spt6-1004-37C-v-WT-37C_5end-metagene-byanno-group-sense.svg
updating png of ./datavis/verified-transcripts-nonoverlapping-TSS/libsizenorm/spt6-1004-37C-v-WT-37C/all/5end/netseq-verified-transcripts-nonoverlapping-TSS-libsizenorm-all_spt6-1004-37C-v-WT-37C_5end-metagene-byclustersample-bothstrands.svg
updating png of ./datavis/verified-transcripts-nonoverlapping-TSS/libsizenorm/spt6-1004-37C-v-WT-37C/all/5end/netseq-verified-transcripts-nonoverlapping-TSS-libsizenorm-all_spt6-1004-37C-v-WT-37C_5end-metagene-bysample-sense.svg
updating png of ./datavis/verified-transcripts-nonoverlapping-TSS/libsizenorm/spt6-1004-37C-v-WT-37C/all/5end/netseq-verified-transcripts-nonoverlapping-TSS-libsizenorm-all_spt6-1004-37C-v-WT-37C_5end-metagene-byclustergroup-antisense.svg
updating png of ./datavis/verified-transcripts-nonoverlapping-TSS/libsizenorm/spt6-1004-37C-v-WT-37C/all/wholeread/netseq-verified-transcripts-nonoverlapping-TSS-libsizenorm-all_spt6-1004-37C-v-WT-37C_wholeread-metagene-sampleoverlay-sense.svg
updating png of ./datavis/verified-transcripts-nonoverlapping-TSS/libsizenorm/spt6-1004-37C-v-WT-37C/all/wholeread/netseq-verified-transcripts-nonoverlapping-TSS-libsizenorm-all_spt6-1004-37C-v-WT-37C_wholeread-heatmap-bygroup-bothstrands.svg
